1561201558592	mozrunner::runner	INFO	Running command: "D:\\Program Files (x86)\\Mozilla Firefox\\firefox.exe" "-marionette" "-foreground" "-no-remote" "-profile" "C:\\Users\\Administrator\\AppData\\Local\\Temp\\rust_mozprofile.rZffj8keiyfX"
1561201559729	addons.webextension.screenshots@mozilla.org	WARN	Loading extension 'screenshots@mozilla.org': Reading manifest: Invalid extension permission: mozillaAddons
1561201559730	addons.webextension.screenshots@mozilla.org	WARN	Loading extension 'screenshots@mozilla.org': Reading manifest: Invalid extension permission: resource://pdf.js/
1561201559730	addons.webextension.screenshots@mozilla.org	WARN	Loading extension 'screenshots@mozilla.org': Reading manifest: Invalid extension permission: about:reader*
1561201564032	Marionette	INFO	Listening on port 54059
1561201564056	Marionette	WARN	TLS certificate errors will be ignored for this session
JavaScript error: https://www.fxiaoke.com/ap/wp-content/themes/fxiaoke-online1126/js/swiper2.js?ver=4.7.13, line 61: Error: Bootstrap's JavaScript requires jQuery version 1.9.1 or higher
JavaScript warning: https://www.fxiaoke.com/messageform/js/jquery-1.10.2.min.js, line 2: Using //@ to indicate sourceMappingURL pragmas is deprecated. Use //# instead
JavaScript error: https://www.fxiaoke.com/, line 1: ReferenceError: ga is not defined
console.error: BroadcastService: 
  receivedBroadcastMessage: handler for
  remote-settings/monitor_changes
  threw error:
  Message: Error: Polling for changes failed: http://%(server)s/dummy/blocklist//buckets/monitor/collections/changes/records?_expected=%221561074211915%22 is not a valid URL..
  Stack:
    remoteSettingsFunction/remoteSettings.pollChanges@resource://services-settings/remote-settings.js:203:13

[Parent 2956, Gecko_IOThread] WARNING: pipe error: 109: file z:/task_1560988636/build/src/ipc/chromium/src/chrome/common/ipc_channel_win.cc, line 341
[Child 20128, Chrome_ChildThread] WARNING: pipe error: 109: file z:/task_1560988636/build/src/ipc/chromium/src/chrome/common/ipc_channel_win.cc, line 341
[Child 20128, Chrome_ChildThread] WARNING: pipe error: 109: fiJavaScript error: resource://gre/modules/WebProgressChild.jsm, line 61: TypeError: this.mm.content is null
JavaScript error: https://sgoutong.baidu.com/embed/1560951821/asset/embed/pc_nb.js, line 1: NS_ERROR_NOT_INITIALIZED: 
[Child 6268, Chrome_ChildThread] WARNING: pipe error: 109: file z:/task_1560988636/build/src/ipc/chromium/src/chrome/common/ipc_channel_win.cc, line 341
[Child 62[Parent 2956, Gecko_IOThread] WARNING: pipe error: 109: file z:/task_1560988636/build/src/ipc/chromium/src/chrome/common/ipc_channel_win.cc, line 341
[Child 2780, Chrome_ChildThread] WARNING: pipe error: 109: file z:/task_1560988636/build/src/ipc/chromium/src/chrome/common/ipc_channel_win.cc, line 341
[Child 2780, Chrome_ChildThread] WARNING: pipe error: 109: file z:/task_11561201765928	Marionette	INFO	Stopped listening on port 54059
[GPU 1388, Chrome
###!!! [Child][RunMessage] Error: Channel closing: too late to send/recv, messages will be lost


###!!! [Child][MessageChannel::SendAndWait] Error: Channel error: cannot send/recv

 line 61: TypeError: this.mm.content is null
[Child 16916, Chrome_ChildThread] WARNING: pipe error: 109: file z:/task_1560988636/build/src/ipc/chromium/src/chrome/common/ipc_channel_win.cc, line 341
[Child 169JavaScript error: https://sgoutong.baidu.com/embed/1560951821/asset/embed/pc_nb.js, line 1: NS_ERROR_NOT_INITIALIZED: 

###!!! [Child][RunMessage] Error: Channel closing: too late to send/recv, messages will be lost

[Child 18536, Chrome_ChildThread] WARNING: pipe error: 232: file z:/task_1560988636/build/src/ipc/chromium/src/
###!!! [Child][RunMessage] Error: Channel closing: too late to send/recv, messages will be lost

chrome/common/ipc_channel_win.cc, line 502
[Child 18536, Chrome_ChildThread] WARNING: pipe error: 109: file z:/task_1560988636/build/src/ipc/chro[Parent 10792, Gecko_IOThread] WARNING: pipe error: 109: file z:/task_1560988636/build/src/ipc/chromium/src/chrome/common/ipc_channel_win.cc, line 341
1561201763908	Marionette	INFO	Stopped listening on port 54194
[GPU 2031
###!!! [Child][MessageChannel::SendAndWait] Error: Channel error: cannot send/recv

