1561194665103	mozrunner::runner	INFO	Running command: "D:\\Program Files (x86)\\Mozilla Firefox\\firefox.exe" "-marionette" "-foreground" "-no-remote" "-profile" "C:\\Users\\Administrator\\AppData\\Local\\Temp\\rust_mozprofile.hN2qySJtnlsc"
1561194666232	addons.webextension.screenshots@mozilla.org	WARN	Loading extension 'screenshots@mozilla.org': Reading manifest: Invalid extension permission: mozillaAddons
1561194666233	addons.webextension.screenshots@mozilla.org	WARN	Loading extension 'screenshots@mozilla.org': Reading manifest: Invalid extension permission: resource://pdf.js/
1561194666233	addons.webextension.screenshots@mozilla.org	WARN	Loading extension 'screenshots@mozilla.org': Reading manifest: Invalid extension permission: about:reader*
1561194670753	Marionette	INFO	Listening on port 51583
1561194671160	Marionette	WARN	TLS certificate errors will be ignored for this session
JavaScript error: https://www.fxiaoke.com/ap/wp-content/themes/fxiaoke-online1126/js/swiper2.js?ver=4.7.13, line 61: Error: Bootstrap's JavaScript requires jQuery version 1.9.1 or higher
JavaScript warning: https://www.fxiaoke.com/messageform/js/jquery-1.10.2.min.js, line 2: Using //@ to indicate sourceMappingURL pragmas is deprecated. Use //# instead
JavaScript error: https://www.fxiaoke.com/, line 1: ReferenceError: ga is not defined
[Parent 11852, Gecko_IOThread] WARNING: pipe error: 109: file z:/task_1560988636/build/src/ipc/chromium/src/chrome/common/ipc_channel_win.cc, line 341
[Child 1JavaScript error: https://sgoutong.baidu.com/embed/1560951821/asset/embed/pc_nb.js, line 1: NS_ERROR_NOT_INITIALIZED: 
[Parent 11852, Gecko_IOThread] WARNING: pipe error: 109: file z:/task_1560988636/build/src/ipc/chromium/src/chrome/common/ipc_channel_win.cc, line 341
[Child 15492, Chrome_ChildThread] WARNING: pipe error: 109: file z:/task_1560988636/build/src/ipc/chromium/src/chrome/common/ipc_channel_win.cc, line 341
[Child 15492, Chrome1561194857396	Marionette	INFO	Stopped listening on port 51583
[GPU 8720, Chr
###!!! [Child][RunMessage] Error: Channel closing: too late to send/recv, messages will be lost


###!!! [Child][MessageChannel::SendAndWait] Error: Channel error: cannot send/recv

1561194870790	mozrunner::runner	INFO	Running command: "D:\\Program Files (x86)\\Mozilla Firefox\\firefox.exe" "-marionette" "-foreground" "-no-remote" "-profile" "C:\\Users\\Administrator\\AppData\\Local\\Temp\\rust_mozprofile.cN1qSSbaJGQv"
1561194872052	addons.webextension.screenshots@mozilla.org	WARN	Loading extension 'screenshots@mozilla.org': Reading manifest: Invalid extension permission: mozillaAddons
1561194872053	addons.webextension.screenshots@mozilla.org	WARN	Loading extension 'screenshots@mozilla.org': Reading manifest: Invalid extension permission: resource://pdf.js/
1561194872053	addons.webextension.screenshots@mozilla.org	WARN	Loading extension 'screenshots@mozilla.org': Reading manifest: Invalid extension permission: about:reader*
1561194876803	Marionette	INFO	Listening on port 51717
1561194877064	Marionette	WARN	TLS certificate errors will be ignored for this session
JavaScript error: https://www.fxiaoke.com/ap/wp-content/themes/fxiaoke-online1126/js/swiper2.js?ver=4.7.13, line 61: Error: Bootstrap's JavaScript requires jQuery version 1.9.1 or higher
JavaScript warning: https://www.fxiaoke.com/messageform/js/jquery-1.10.2.min.js, line 2: Using //@ to indicate sourceMappingURL pragmas is deprecated. Use //# instead
JavaScript error: https://www.fxiaoke.com/, line 1: ReferenceError: ga is not defined
console.error: BroadcastService: 
  receivedBroadcastMessage: handler for
  remote-settings/monitor_changes
  threw error:
  Message: Error: Polling for changes failed: http://%(server)s/dummy/blocklist//buckets/monitor/collections/changes/records?_expected=%221561074211915%22 is not a valid URL..
  Stack:
    remoteSettingsFunction/remoteSettings.pollChanges@resource://services-settings/remote-settings.js:203:13

[Child 2656, Chrome_ChildThread] WARNING: pipe error: 109: file z:/task_1560988636/build/src/ipc/chromium/src/chrome/common/ipc_channel_win.cc, line 341
[Child 2656, Chrome_ChiJavaScript error: resource://gre/modules/WebProgressChild.jsm, line 61: TypeError: this.mm.content is null
JavaScript error: https://sgoutong.baidu.com/embed/1560951821/asset/embed/pc_nb.js, line 1: NS_ERROR_NOT_INITIALIZED: 
[Child 10880, Chrome_ChildThread] WARNING: pipe error: 109: file z:/task_1560988636/build/src/ipc/chromium/[Parent 1932, Gecko_IOThread] WARNING: pipe error: 109: file z:/task_1560988636/build/src/ipc/chromium/src/chrome/common/ipc_channel_win.cc, line 341
[Child 5512, Chrome_ChildThread] WARNING: pipe error: 109: file z:/task_1560988636/build/src/ipc/chromium/src/chrome/common/ipc_channel_win.cc, line 341
[Child 5512, 1561195020831	Marionette	INFO	Stopped listening on port 51717
[GPU 
###!!! [Child][RunMessage] Error: Channel closing: too late to send/recv, messages will be lost

9072, Chrome_C
###!!! [Child][MessageChannel::SendAndWait] Error: Channel error: cannot send/recv

nIdle@resource:///modules/sessionstore/SessionSaver.jsm:189:14\ncallback@resource://gre/modules/Timer.jsm:100:7\n"
1561194938644	Marionette	INFO	Listening on port 51815
1561194938697	Marionette	WARN	TLS certificate errors will be ignored for this session
JavaScript error: https://www.fxiaoke.com/ap/wp-content/themes/fxiaoke-online1126/js/swiper2.js?ver=4.7.13, line 61: Error: Bootstrap's JavaScript requires jQuery version 1.9.1 or higher
JavaScript warning: https://www.fxiaoke.com/messageform/js/jquery-1.10.2.min.js, line 2: Using //@ to indicate sourceMappingURL pragmas is deprecated. Use //# instead
JavaScript error: https://www.fxiaoke.com/, line 1: ReferenceError: ga is not defined
console.error: BroadcastService: 
  receivedBroadcastMessage: handler for
  remote-settings/monitor_changes
  threw error:
  Message: Error: Polling for changes failed: http://%(server)s/dummy/blocklist//buckets/monitor/collections/changes/records?_expected=%221561074211915%22 is not a valid URL..
  Stack:
    remoteSettingsFunction/remoteSettings.pollChanges@resource://services-settings/remote-settings.js:203:13

[Parent 5276, Gecko_IOThread] WARNING: pipe error: 109: file z:/task_1560988636/build/src/ipc/chromium/src/chrome/common/ipc_channel_win.cc, line 341
[Child 13600, Chrome_ChildThread] WARNING: pipe error: 109: file z:/task_1560988636/build/src/ipc/chromium/src/chrome/common/ipc_channel_win.cc, line 341
JavaScript error: https://sgoutong.baidu.com/embed/1560951821/asset/embed/pc_nb.js, line 1: NS_ERROR_NOT_INITIALIZED: 
[Parent 5276, Gecko_IOThread] WARNING: pipe error: 109: file z:/task_1560988636/build/src/ipc/chromium/src/chrome/common/ipc_channel_win.cc, line 341
[Child 19412, Chrome_ChildThread] WARNING: pipe error: 109: file z:/task_1560988636/build/src/ipc/chromium/src/chrome/common/ipc_channel_win.cc, line 341
[Child 191561195020785	Marionette	INFO	Stopped listening on port 51815
[GPU 19
###!!! [Child][RunMessage] Error: Channel closing: too late to send/recv, messages will be lost

500, Chrome_ChildThread] WARNING
###!!! [Child][MessageChannel::SendAndWait] Error: Channel error: cannot send/recv

